<?xml version="1.0" encoding="UTF-8"?>
<!-- Generated by org.testng.reporters.JUnitReportReporter -->
<testsuite hostname="DESKTOP-8A8OTS8" failures="0" tests="1" name="testLayer.FacebookRegisterTest" time="0.409" errors="0" timestamp="2024-06-03T17:04:10 IST" skipped="0">
  <testcase classname="testLayer.FacebookRegisterTest" name="validateRegisterFunctionality" time="0.409"/>
  <system-out/>
</testsuite> <!-- testLayer.FacebookRegisterTest -->
